18:00:49.167 [main] INFO  utils.Log - ++++++++++++++++++
18:00:49.170 [main] INFO  utils.Log - Started test case :login
18:00:49.171 [main] INFO  utils.Log - Start time :2023.09.08.18.49
18:00:49.171 [main] INFO  utils.Log - +++++++++++++++++++
18:00:49.171 [main] INFO  utils.Log - Called method<click> on  
18:00:49.886 [main] INFO  utils.Log - called method <sendKeys> on element <input type="text" class="woocommerce-Input woocommerce-Input--text input-text" name="username" id="username" autocomplete="username" value="">
18:00:49.887 [main] INFO  utils.Log - Called method <waitForElementToBeVisible> on locator :
18:00:50.033 [main] INFO  utils.Log - called method <sendKeys> on element <input class="woocommerce-Input woocommerce-Input--text input-text" type="password" name="password" id="password" autocomplete="current-password">
18:00:50.033 [main] INFO  utils.Log - Called method <waitForElementToBeVisible> on locator :
18:00:50.129 [main] INFO  utils.Log - Called method<click> on  
18:00:51.011 [main] INFO  utils.Log - Called method<click> on  
18:00:52.519 [main] INFO  utils.Log - ++++++++++++++++++
18:00:52.519 [main] INFO  utils.Log - Passed test case :login
18:00:52.519 [main] INFO  utils.Log - End time :2023.09.08.18.52
18:00:52.520 [main] INFO  utils.Log - +++++++++++++++++++
18:00:59.618 [main] INFO  utils.Log - ++++++++++++++++++
18:00:59.618 [main] INFO  utils.Log - Started test case :loginInvalid
18:00:59.618 [main] INFO  utils.Log - Start time :2023.09.08.18.59
18:00:59.618 [main] INFO  utils.Log - +++++++++++++++++++
18:00:59.618 [main] INFO  utils.Log - Called method<click> on  
18:01:00.273 [main] INFO  utils.Log - called method <sendKeys> on element <input type="text" class="woocommerce-Input woocommerce-Input--text input-text" name="username" id="username" autocomplete="username" value="">
18:01:00.273 [main] INFO  utils.Log - Called method <waitForElementToBeVisible> on locator :
18:01:00.396 [main] INFO  utils.Log - called method <sendKeys> on element <input class="woocommerce-Input woocommerce-Input--text input-text" type="password" name="password" id="password" autocomplete="current-password">
18:01:00.396 [main] INFO  utils.Log - Called method <waitForElementToBeVisible> on locator :
18:01:00.500 [main] INFO  utils.Log - Called method<click> on  
18:01:11.032 [main] ERROR utils.Log - ++++++++++++++++++
18:01:11.032 [main] ERROR utils.Log - Failed test case :loginInvalid
18:01:11.032 [main] ERROR utils.Log - Fail time :2023.09.08.18.11
18:01:11.033 [main] ERROR utils.Log - org.openqa.selenium.NoSuchElementException: no such element: Unable to locate element: {"method":"css selector","selector":"div[class='woocommerce-MyAccount-content']"}
  (Session info: chrome=116.0.5845.142)
For documentation on this error, please visit: https://www.selenium.dev/documentation/webdriver/troubleshooting/errors#no-such-element-exception
Build info: version: '4.11.0', revision: '040bc5406b'
System info: os.name: 'Windows 11', os.arch: 'amd64', os.version: '10.0', java.version: '17.0.6'
Driver info: org.openqa.selenium.chrome.ChromeDriver
Command: [f4219fbf742e0e578773adb6d7530824, findElement {using=css selector, value=div[class='woocommerce-MyAccount-content']}]
Capabilities {acceptInsecureCerts: false, browserName: chrome, browserVersion: 116.0.5845.142, chrome: {chromedriverVersion: 116.0.5845.96 (1a3918166880..., userDataDir: C:\Users\Home\AppData\Local...}, fedcm:accounts: true, goog:chromeOptions: {debuggerAddress: localhost:63108}, networkConnectionEnabled: false, pageLoadStrategy: normal, platformName: windows, proxy: Proxy(), se:cdp: ws://localhost:63108/devtoo..., se:cdpVersion: 116.0.5845.142, setWindowRect: true, strictFileInteractability: false, timeouts: {implicit: 0, pageLoad: 300000, script: 30000}, unhandledPromptBehavior: dismiss and notify, webauthn:extension:credBlob: true, webauthn:extension:largeBlob: true, webauthn:extension:minPinLength: true, webauthn:extension:prf: true, webauthn:virtualAuthenticators: true}
Session ID: f4219fbf742e0e578773adb6d7530824
18:01:11.033 [main] ERROR utils.Log - +++++++++++++++++++
